<?xml version="1.0" encoding="UTF-8"?>
<!-- Generated by org.testng.reporters.JUnitReportReporter -->
<testsuite hostname="MacBook-Air-cua-Cao.local" failures="0" tests="2" name="baoveCSDL.TestAdmin.LoginAdmin" time="0.242" errors="0" timestamp="2023-11-25T01:51:48 ICT" skipped="0">
  <testcase classname="baoveCSDL.TestAdmin.LoginAdmin" name="testGetLoggedInUserName" time="0.030"/>
  <testcase classname="baoveCSDL.TestAdmin.LoginAdmin" name="testAdminLogin" time="0.212"/>
</testsuite> <!-- baoveCSDL.TestAdmin.LoginAdmin -->
