<?xml version="1.0" encoding="UTF-8"?>
<!-- Generated by org.testng.reporters.JUnitReportReporter -->
<testsuite hostname="MacBook-Air-cua-Cao.local" failures="0" tests="2" name="baoveCSDL.Testing.PagesDaoTest" time="0.257" errors="0" timestamp="2023-12-20T23:50:34 ICT" skipped="0">
  <testcase classname="baoveCSDL.Testing.PagesDaoTest" name="testGetAllCT" time="0.210"/>
  <testcase classname="baoveCSDL.Testing.PagesDaoTest" name="testRegisterAddContact" time="0.047"/>
</testsuite> <!-- baoveCSDL.Testing.PagesDaoTest -->
