<?xml version="1.0" encoding="UTF-8"?>
<!-- Generated by org.testng.reporters.JUnitReportReporter -->
<testsuite hostname="MacBook-Air-cua-Cao.local" failures="0" tests="1" name="baoveCSDL.TestAdmin.TimKiemAdmin" time="0.025" errors="0" timestamp="2023-11-25T01:57:12 ICT" skipped="0">
  <testcase classname="baoveCSDL.TestAdmin.TimKiemAdmin" name="testSearchUsers" time="0.025"/>
</testsuite> <!-- baoveCSDL.TestAdmin.TimKiemAdmin -->
