<?xml version="1.0" encoding="UTF-8"?>
<!-- Generated by org.testng.reporters.JUnitReportReporter -->
<testsuite hostname="MacBook-Air-cua-Cao.local" failures="0" tests="4" name="baoveCSDL.Testing.MuahangDaoTest" time="0.059" errors="0" timestamp="2023-12-20T23:50:34 ICT" skipped="0">
  <testcase classname="baoveCSDL.Testing.MuahangDaoTest" name="testGetCartProducts" time="0.013"/>
  <testcase classname="baoveCSDL.Testing.MuahangDaoTest" name="testGetTotalCartPrice" time="0.017"/>
  <testcase classname="baoveCSDL.Testing.MuahangDaoTest" name="testGetAllProducts" time="0.016"/>
  <testcase classname="baoveCSDL.Testing.MuahangDaoTest" name="testGetSingleProduct" time="0.013"/>
</testsuite> <!-- baoveCSDL.Testing.MuahangDaoTest -->
