<?xml version="1.0" encoding="UTF-8"?>
<!-- Generated by org.testng.reporters.JUnitReportReporter -->
<testsuite hostname="MacBook-Air-cua-Cao.local" failures="0" tests="1" name="baoveCSDL.Testing.CancelOrder" time="0.017" errors="0" timestamp="2023-12-20T23:50:34 ICT" skipped="0">
  <testcase classname="baoveCSDL.Testing.CancelOrder" name="testCancelOrder" time="0.017"/>
</testsuite> <!-- baoveCSDL.Testing.CancelOrder -->
