<?xml version="1.0" encoding="UTF-8"?>
<!-- Generated by org.testng.reporters.JUnitReportReporter -->
<testsuite hostname="MacBook-Air-cua-Cao.local" failures="0" tests="1" name="baoveCSDL.TestNG.In" time="0.004" errors="0" timestamp="2023-12-22T08:27:43 ICT" skipped="0">
  <testcase classname="baoveCSDL.TestNG.In" name="testAdminLogin" time="0.004"/>
</testsuite> <!-- baoveCSDL.TestNG.In -->
