<?xml version="1.0" encoding="UTF-8"?>
<!-- Generated by org.testng.reporters.JUnitReportReporter -->
<testsuite hostname="MacBook-Air-cua-Cao.local" failures="0" tests="8" name="baoveCSDL.TestNG.PurchaseTest" time="0.387" errors="0" timestamp="2023-12-22T07:48:58 ICT" skipped="0">
  <testcase classname="baoveCSDL.TestNG.PurchaseTest" name="testdeleteProdu" time="0.210"/>
  <testcase classname="baoveCSDL.TestNG.PurchaseTest" name="testdeleteProducts" time="0.022"/>
  <testcase classname="baoveCSDL.TestNG.PurchaseTest" name="testGetCartProducts1001" time="0.022"/>
  <testcase classname="baoveCSDL.TestNG.PurchaseTest" name="testdeletOrder" time="0.024"/>
  <testcase classname="baoveCSDL.TestNG.PurchaseTest" name="testGetProducts" time="0.018"/>
  <testcase classname="baoveCSDL.TestNG.PurchaseTest" name="testGetCartProducts11" time="0.020"/>
  <testcase classname="baoveCSDL.TestNG.PurchaseTest" name="testInsertOrder" time="0.022"/>
  <testcase classname="baoveCSDL.TestNG.PurchaseTest" name="testGetCartProducts" time="0.049"/>
</testsuite> <!-- baoveCSDL.TestNG.PurchaseTest -->
